<?xml version="1.0" encoding="UTF-8"?>
<!-- Generated by org.testng.reporters.JUnitXMLReporter -->
<testsuite ignored="0" hostname="DESKTOP-HSAPT3H" failures="0" tests="3" name="Account Tests" time="47.528" errors="0" timestamp="2026-04-29T22:53:44 IST">
  <testcase classname="com.bankbot.tests.AccountTest" name="verifyCreateAccount" time="8.216"/>
  <testcase classname="com.bankbot.tests.AccountTest" name="verifyEditAccount" time="19.69"/>
  <testcase classname="com.bankbot.tests.AccountTest" name="verifyInvalidCustomerIdAccountCreation" time="3.938"/>
</testsuite> <!-- Account Tests -->
