<?xml version="1.0" encoding="UTF-8"?>
<!-- Generated by org.testng.reporters.JUnitXMLReporter -->
<testsuite ignored="0" hostname="DESKTOP-HSAPT3H" failures="0" tests="3" name="Customer Tests" time="44.686" errors="0" timestamp="2026-04-29T22:52:56 IST">
  <testcase classname="com.bankbot.tests.CustomerTest" name="verifyCreateCustomer" time="5.789"/>
  <testcase classname="com.bankbot.tests.CustomerTest" name="verifyDuplicateEmailError" time="7.929"/>
  <testcase classname="com.bankbot.tests.CustomerTest" name="verifyEditCustomer" time="14.074"/>
</testsuite> <!-- Customer Tests -->
