<?xml version="1.0" encoding="UTF-8"?>
<!-- Generated by org.testng.reporters.JUnitXMLReporter -->
<testsuite ignored="0" hostname="DESKTOP-HSAPT3H" failures="0" tests="5" name="Fund Transfer Tests" time="133.698" errors="0" timestamp="2026-04-29T22:55:58 IST">
  <testcase classname="com.bankbot.tests.FundTransferTest" name="verifyBalanceAfterTransfer" time="24.895">
    <skipped/>
  </testcase> <!-- verifyBalanceAfterTransfer -->
  <testcase classname="com.bankbot.tests.FundTransferTest" name="verifyBalanceAfterTransfer" time="28.466">
    <skipped/>
  </testcase> <!-- verifyBalanceAfterTransfer -->
  <testcase classname="com.bankbot.tests.FundTransferTest" name="verifyBalanceAfterTransfer" time="29.652"/>
  <testcase classname="com.bankbot.tests.FundTransferTest" name="verifyFundTransferSuccess" time="15.433"/>
  <testcase classname="com.bankbot.tests.FundTransferTest" name="verifyInvalidPayeeTransfer" time="7.651"/>
</testsuite> <!-- Fund Transfer Tests -->
