<?xml version="1.0" encoding="UTF-8"?>
<!-- Generated by org.testng.reporters.JUnitXMLReporter -->
<testsuite ignored="0" hostname="DESKTOP-HSAPT3H" failures="0" tests="11" name="Login And Validation Tests" time="189.474" errors="0" timestamp="2026-04-29T22:52:12 IST">
  <testcase classname="com.bankbot.tests.LoginTest" name="loginTest" time="3.098"/>
  <testcase classname="com.bankbot.tests.LoginTest" name="loginTest" time="2.214"/>
  <testcase classname="com.bankbot.tests.LoginTest" name="loginTest" time="2.119"/>
  <testcase classname="com.bankbot.tests.LoginTest" name="loginTest" time="1.7"/>
  <testcase classname="com.bankbot.tests.LoginTest" name="loginTest" time="12.926"/>
  <testcase classname="com.bankbot.tests.LoginTest" name="loginTest" time="1.965"/>
  <testcase classname="com.bankbot.tests.LoginTest" name="verifyLogoutRedirectsToLoginPage" time="4.648"/>
  <testcase classname="com.bankbot.tests.ValidationTest" name="verifyEmptyFieldValidation" time="36.464"/>
  <testcase classname="com.bankbot.tests.ValidationTest" name="verifyFutureDateValidation" time="12.497"/>
  <testcase classname="com.bankbot.tests.ValidationTest" name="verifyNonNumericValidation" time="26.355">
    <skipped/>
  </testcase> <!-- verifyNonNumericValidation -->
  <testcase classname="com.bankbot.tests.ValidationTest" name="verifyNonNumericValidation" time="4.146"/>
</testsuite> <!-- Login And Validation Tests -->
