<?xml version="1.0" encoding="UTF-8"?>
<!-- Generated by org.testng.reporters.JUnitReportReporter -->
<testsuite hostname="DESKTOP-HSAPT3H" failures="0" tests="7" name="com.bankbot.tests.LoginTest" time="92.041" errors="0" timestamp="2026-04-29T22:55:58 IST" skipped="0">
  <testcase classname="com.bankbot.tests.LoginTest" name="verifyLogoutRedirectsToLoginPage" time="37.932"/>
  <testcase classname="com.bankbot.tests.LoginTest" name="loginTest" time="7.234"/>
  <testcase classname="com.bankbot.tests.LoginTest" name="loginTest" time="5.235"/>
  <testcase classname="com.bankbot.tests.LoginTest" name="loginTest" time="12.158"/>
  <testcase classname="com.bankbot.tests.LoginTest" name="loginTest" time="4.579"/>
  <testcase classname="com.bankbot.tests.LoginTest" name="loginTest" time="7.735"/>
  <testcase classname="com.bankbot.tests.LoginTest" name="loginTest" time="17.168"/>
</testsuite> <!-- com.bankbot.tests.LoginTest -->
