<?xml version="1.0" encoding="UTF-8"?>
<!-- Generated by org.testng.reporters.JUnitReportReporter -->
<testsuite hostname="DESKTOP-HSAPT3H" failures="0" tests="4" name="com.bankbot.tests.ValidationTest" time="94.649" errors="0" timestamp="2026-04-29T22:55:58 IST" skipped="1">
  <testcase classname="com.bankbot.tests.ValidationTest" name="verifyEmptyFieldValidation" time="40.065"/>
  <testcase classname="com.bankbot.tests.ValidationTest" name="verifyNonNumericValidation" time="8.407"/>
  <testcase classname="com.bankbot.tests.ValidationTest" name="verifyFutureDateValidation" time="15.437"/>
  <testcase classname="com.bankbot.tests.ValidationTest" name="verifyNonNumericValidation" time="30.740">
    <skipped/>
  </testcase> <!-- verifyNonNumericValidation -->
</testsuite> <!-- com.bankbot.tests.ValidationTest -->
