<?xml version="1.0" encoding="UTF-8"?>
<!-- Generated by org.testng.reporters.JUnitReportReporter -->
<testsuite hostname="DESKTOP-HSAPT3H" failures="0" tests="3" name="com.bankbot.tests.AccountTest" time="47.517" errors="0" timestamp="2026-04-29T22:55:58 IST" skipped="0">
  <testcase classname="com.bankbot.tests.AccountTest" name="verifyEditAccount" time="25.607"/>
  <testcase classname="com.bankbot.tests.AccountTest" name="verifyInvalidCustomerIdAccountCreation" time="8.863"/>
  <testcase classname="com.bankbot.tests.AccountTest" name="verifyCreateAccount" time="13.047"/>
</testsuite> <!-- com.bankbot.tests.AccountTest -->
