<?xml version="1.0" encoding="UTF-8"?>
<!-- Generated by org.testng.reporters.JUnitReportReporter -->
<testsuite hostname="DESKTOP-HSAPT3H" failures="0" tests="5" name="com.bankbot.tests.FundTransferTest" time="133.664" errors="0" timestamp="2026-04-29T22:55:58 IST" skipped="2">
  <testcase classname="com.bankbot.tests.FundTransferTest" name="verifyBalanceAfterTransfer" time="34.019">
    <skipped/>
  </testcase> <!-- verifyBalanceAfterTransfer -->
  <testcase classname="com.bankbot.tests.FundTransferTest" name="verifyBalanceAfterTransfer" time="32.832">
    <skipped/>
  </testcase> <!-- verifyBalanceAfterTransfer -->
  <testcase classname="com.bankbot.tests.FundTransferTest" name="verifyFundTransferSuccess" time="18.696"/>
  <testcase classname="com.bankbot.tests.FundTransferTest" name="verifyBalanceAfterTransfer" time="35.268"/>
  <testcase classname="com.bankbot.tests.FundTransferTest" name="verifyInvalidPayeeTransfer" time="12.849"/>
</testsuite> <!-- com.bankbot.tests.FundTransferTest -->
