<?xml version="1.0" encoding="UTF-8"?>
<!-- Generated by org.testng.reporters.JUnitReportReporter -->
<testsuite hostname="DESKTOP-HSAPT3H" failures="0" tests="3" name="com.bankbot.tests.CustomerTest" time="44.670" errors="0" timestamp="2026-04-29T22:55:58 IST" skipped="0">
  <testcase classname="com.bankbot.tests.CustomerTest" name="verifyCreateCustomer" time="11.122"/>
  <testcase classname="com.bankbot.tests.CustomerTest" name="verifyDuplicateEmailError" time="12.860"/>
  <testcase classname="com.bankbot.tests.CustomerTest" name="verifyEditCustomer" time="20.688"/>
</testsuite> <!-- com.bankbot.tests.CustomerTest -->
