<?xml version="1.0" encoding="UTF-8"?>
<!-- Generated by org.testng.reporters.JUnitXMLReporter -->
<testsuite ignored="0" hostname="DESKTOP-HSAPT3H" failures="0" tests="7" name="Default test" time="118.823" errors="0" timestamp="2026-04-29T22:37:06 IST">
  <testcase classname="com.bankbot.tests.LoginTest" name="loginTest" time="6.384"/>
  <testcase classname="com.bankbot.tests.LoginTest" name="loginTest" time="3.145"/>
  <testcase classname="com.bankbot.tests.LoginTest" name="loginTest" time="35.763"/>
  <testcase classname="com.bankbot.tests.LoginTest" name="loginTest" time="2.625"/>
  <testcase classname="com.bankbot.tests.LoginTest" name="loginTest" time="11.509"/>
  <testcase classname="com.bankbot.tests.LoginTest" name="loginTest" time="2.066"/>
  <testcase classname="com.bankbot.tests.LoginTest" name="verifyLogoutRedirectsToLoginPage" time="4.0"/>
</testsuite> <!-- Default test -->
