<?xml version="1.0" encoding="UTF-8"?>
<testng-results retried="3" ignored="3" total="25" passed="19" failed="0" skipped="0">
  <reporter-output>
  </reporter-output>
  <suite started-at="2026-04-29T22:49:01 IST" name="BankBot Automation Suite" finished-at="2026-04-29T22:55:58 IST" duration-ms="416550">
    <groups>
    </groups>
    <test started-at="2026-04-29T22:49:01 IST" name="Login And Validation Tests" finished-at="2026-04-29T22:52:11 IST" duration-ms="189474">
      <class name="com.bankbot.tests.LoginTest">
        <test-method is-config="true" signature="setUp(org.testng.ITestContext)[pri:0, instance:com.bankbot.tests.LoginTest@37313c65]" started-at="2026-04-29T22:49:04 IST" name="setUp" finished-at="2026-04-29T22:49:13 IST" duration-ms="8815" status="PASS">
          <params>
            <param index="0">
              <value>
                <![CDATA[org.testng.TestRunner@521d455c]]>
              </value>
            </param>
          </params>
          <reporter-output>
          </reporter-output>
        </test-method> <!-- setUp -->
        <test-method signature="loginTest(java.lang.String,java.lang.String,java.lang.String,java.lang.String)[pri:0, instance:com.bankbot.tests.LoginTest@37313c65]" started-at="2026-04-29T22:49:13 IST" name="loginTest" data-provider="loginData" finished-at="2026-04-29T22:49:16 IST" duration-ms="3098" status="PASS">
          <params>
            <param index="0">
              <value>
                <![CDATA[mngr659075]]>
              </value>
            </param>
            <param index="1">
              <value>
                <![CDATA[sagypYs]]>
              </value>
            </param>
            <param index="2">
              <value>
                <![CDATA[success]]>
              </value>
            </param>
            <param index="3">
              <value>
                <![CDATA[Valid login credentials]]>
              </value>
            </param>
          </params>
          <reporter-output>
          </reporter-output>
        </test-method> <!-- loginTest -->
        <test-method is-config="true" signature="tearDown()[pri:0, instance:com.bankbot.tests.LoginTest@37313c65]" started-at="2026-04-29T22:49:16 IST" name="tearDown" finished-at="2026-04-29T22:49:16 IST" duration-ms="408" status="PASS">
          <reporter-output>
          </reporter-output>
        </test-method> <!-- tearDown -->
        <test-method is-config="true" signature="setUp(org.testng.ITestContext)[pri:0, instance:com.bankbot.tests.LoginTest@37313c65]" started-at="2026-04-29T22:49:16 IST" name="setUp" finished-at="2026-04-29T22:49:20 IST" duration-ms="3764" status="PASS">
          <params>
            <param index="0">
              <value>
                <![CDATA[org.testng.TestRunner@521d455c]]>
              </value>
            </param>
          </params>
          <reporter-output>
          </reporter-output>
        </test-method> <!-- setUp -->
        <test-method signature="loginTest(java.lang.String,java.lang.String,java.lang.String,java.lang.String)[pri:0, instance:com.bankbot.tests.LoginTest@37313c65]" started-at="2026-04-29T22:49:20 IST" name="loginTest" data-provider="loginData" finished-at="2026-04-29T22:49:22 IST" duration-ms="2214" status="PASS">
          <params>
            <param index="0">
              <value>
                <![CDATA[invalidUser]]>
              </value>
            </param>
            <param index="1">
              <value>
                <![CDATA[test123]]>
              </value>
            </param>
            <param index="2">
              <value>
                <![CDATA[error]]>
              </value>
            </param>
            <param index="3">
              <value>
                <![CDATA[Invalid username]]>
              </value>
            </param>
          </params>
          <reporter-output>
          </reporter-output>
        </test-method> <!-- loginTest -->
        <test-method is-config="true" signature="tearDown()[pri:0, instance:com.bankbot.tests.LoginTest@37313c65]" started-at="2026-04-29T22:49:22 IST" name="tearDown" finished-at="2026-04-29T22:49:23 IST" duration-ms="478" status="PASS">
          <reporter-output>
          </reporter-output>
        </test-method> <!-- tearDown -->
        <test-method is-config="true" signature="setUp(org.testng.ITestContext)[pri:0, instance:com.bankbot.tests.LoginTest@37313c65]" started-at="2026-04-29T22:49:23 IST" name="setUp" finished-at="2026-04-29T22:49:28 IST" duration-ms="5187" status="PASS">
          <params>
            <param index="0">
              <value>
                <![CDATA[org.testng.TestRunner@521d455c]]>
              </value>
            </param>
          </params>
          <reporter-output>
          </reporter-output>
        </test-method> <!-- setUp -->
        <test-method signature="loginTest(java.lang.String,java.lang.String,java.lang.String,java.lang.String)[pri:0, instance:com.bankbot.tests.LoginTest@37313c65]" started-at="2026-04-29T22:49:28 IST" name="loginTest" data-provider="loginData" finished-at="2026-04-29T22:49:30 IST" duration-ms="2119" status="PASS">
          <params>
            <param index="0">
              <value>
                <![CDATA[mngr659075]]>
              </value>
            </param>
            <param index="1">
              <value>
                <![CDATA[wrong123]]>
              </value>
            </param>
            <param index="2">
              <value>
                <![CDATA[error]]>
              </value>
            </param>
            <param index="3">
              <value>
                <![CDATA[Invalid password]]>
              </value>
            </param>
          </params>
          <reporter-output>
          </reporter-output>
        </test-method> <!-- loginTest -->
        <test-method is-config="true" signature="tearDown()[pri:0, instance:com.bankbot.tests.LoginTest@37313c65]" started-at="2026-04-29T22:49:30 IST" name="tearDown" finished-at="2026-04-29T22:49:30 IST" duration-ms="245" status="PASS">
          <reporter-output>
          </reporter-output>
        </test-method> <!-- tearDown -->
        <test-method is-config="true" signature="setUp(org.testng.ITestContext)[pri:0, instance:com.bankbot.tests.LoginTest@37313c65]" started-at="2026-04-29T22:49:30 IST" name="setUp" finished-at="2026-04-29T22:49:33 IST" duration-ms="3195" status="PASS">
          <params>
            <param index="0">
              <value>
                <![CDATA[org.testng.TestRunner@521d455c]]>
              </value>
            </param>
          </params>
          <reporter-output>
          </reporter-output>
        </test-method> <!-- setUp -->
        <test-method signature="loginTest(java.lang.String,java.lang.String,java.lang.String,java.lang.String)[pri:0, instance:com.bankbot.tests.LoginTest@37313c65]" started-at="2026-04-29T22:49:33 IST" name="loginTest" data-provider="loginData" finished-at="2026-04-29T22:49:35 IST" duration-ms="1700" status="PASS">
          <params>
            <param index="0">
              <value>
                <![CDATA[]]>
              </value>
            </param>
            <param index="1">
              <value>
                <![CDATA[]]>
              </value>
            </param>
            <param index="2">
              <value>
                <![CDATA[blank]]>
              </value>
            </param>
            <param index="3">
              <value>
                <![CDATA[Blank username/ password]]>
              </value>
            </param>
          </params>
          <reporter-output>
          </reporter-output>
        </test-method> <!-- loginTest -->
        <test-method is-config="true" signature="tearDown()[pri:0, instance:com.bankbot.tests.LoginTest@37313c65]" started-at="2026-04-29T22:49:35 IST" name="tearDown" finished-at="2026-04-29T22:49:35 IST" duration-ms="340" status="PASS">
          <reporter-output>
          </reporter-output>
        </test-method> <!-- tearDown -->
        <test-method is-config="true" signature="setUp(org.testng.ITestContext)[pri:0, instance:com.bankbot.tests.LoginTest@37313c65]" started-at="2026-04-29T22:49:35 IST" name="setUp" finished-at="2026-04-29T22:49:39 IST" duration-ms="3917" status="PASS">
          <params>
            <param index="0">
              <value>
                <![CDATA[org.testng.TestRunner@521d455c]]>
              </value>
            </param>
          </params>
          <reporter-output>
          </reporter-output>
        </test-method> <!-- setUp -->
        <test-method signature="loginTest(java.lang.String,java.lang.String,java.lang.String,java.lang.String)[pri:0, instance:com.bankbot.tests.LoginTest@37313c65]" started-at="2026-04-29T22:49:39 IST" name="loginTest" data-provider="loginData" finished-at="2026-04-29T22:49:52 IST" duration-ms="12926" status="PASS">
          <params>
            <param index="0">
              <value>
                <![CDATA[mngr659075]]>
              </value>
            </param>
            <param index="1">
              <value>
                <![CDATA[]]>
              </value>
            </param>
            <param index="2">
              <value>
                <![CDATA[blank]]>
              </value>
            </param>
            <param index="3">
              <value>
                <![CDATA[Blank password]]>
              </value>
            </param>
          </params>
          <reporter-output>
          </reporter-output>
        </test-method> <!-- loginTest -->
        <test-method is-config="true" signature="tearDown()[pri:0, instance:com.bankbot.tests.LoginTest@37313c65]" started-at="2026-04-29T22:49:52 IST" name="tearDown" finished-at="2026-04-29T22:49:53 IST" duration-ms="1103" status="PASS">
          <reporter-output>
          </reporter-output>
        </test-method> <!-- tearDown -->
        <test-method is-config="true" signature="setUp(org.testng.ITestContext)[pri:0, instance:com.bankbot.tests.LoginTest@37313c65]" started-at="2026-04-29T22:49:53 IST" name="setUp" finished-at="2026-04-29T22:50:26 IST" duration-ms="32982" status="PASS">
          <params>
            <param index="0">
              <value>
                <![CDATA[org.testng.TestRunner@521d455c]]>
              </value>
            </param>
          </params>
          <reporter-output>
          </reporter-output>
        </test-method> <!-- setUp -->
        <test-method signature="loginTest(java.lang.String,java.lang.String,java.lang.String,java.lang.String)[pri:0, instance:com.bankbot.tests.LoginTest@37313c65]" started-at="2026-04-29T22:50:26 IST" name="loginTest" data-provider="loginData" finished-at="2026-04-29T22:50:28 IST" duration-ms="1965" status="PASS">
          <params>
            <param index="0">
              <value>
                <![CDATA[]]>
              </value>
            </param>
            <param index="1">
              <value>
                <![CDATA[sagypYs]]>
              </value>
            </param>
            <param index="2">
              <value>
                <![CDATA[blank]]>
              </value>
            </param>
            <param index="3">
              <value>
                <![CDATA[Blank username]]>
              </value>
            </param>
          </params>
          <reporter-output>
          </reporter-output>
        </test-method> <!-- loginTest -->
        <test-method is-config="true" signature="tearDown()[pri:0, instance:com.bankbot.tests.LoginTest@37313c65]" started-at="2026-04-29T22:50:28 IST" name="tearDown" finished-at="2026-04-29T22:50:29 IST" duration-ms="302" status="PASS">
          <reporter-output>
          </reporter-output>
        </test-method> <!-- tearDown -->
        <test-method is-config="true" signature="setUp(org.testng.ITestContext)[pri:0, instance:com.bankbot.tests.LoginTest@37313c65]" started-at="2026-04-29T22:50:29 IST" name="setUp" finished-at="2026-04-29T22:50:31 IST" duration-ms="2206" status="PASS">
          <params>
            <param index="0">
              <value>
                <![CDATA[org.testng.TestRunner@521d455c]]>
              </value>
            </param>
          </params>
          <reporter-output>
          </reporter-output>
        </test-method> <!-- setUp -->
        <test-method signature="verifyLogoutRedirectsToLoginPage()[pri:0, instance:com.bankbot.tests.LoginTest@37313c65]" started-at="2026-04-29T22:50:31 IST" name="verifyLogoutRedirectsToLoginPage" finished-at="2026-04-29T22:50:36 IST" duration-ms="4648" status="PASS">
          <reporter-output>
          </reporter-output>
        </test-method> <!-- verifyLogoutRedirectsToLoginPage -->
        <test-method is-config="true" signature="tearDown()[pri:0, instance:com.bankbot.tests.LoginTest@37313c65]" started-at="2026-04-29T22:50:36 IST" name="tearDown" finished-at="2026-04-29T22:50:36 IST" duration-ms="429" status="PASS">
          <reporter-output>
          </reporter-output>
        </test-method> <!-- tearDown -->
      </class> <!-- com.bankbot.tests.LoginTest -->
      <class name="com.bankbot.tests.ValidationTest">
        <test-method is-config="true" signature="setUp(org.testng.ITestContext)[pri:0, instance:com.bankbot.tests.ValidationTest@60db1c0e]" started-at="2026-04-29T22:50:36 IST" name="setUp" finished-at="2026-04-29T22:50:40 IST" duration-ms="4089" status="PASS">
          <params>
            <param index="0">
              <value>
                <![CDATA[org.testng.TestRunner@521d455c]]>
              </value>
            </param>
          </params>
          <reporter-output>
          </reporter-output>
        </test-method> <!-- setUp -->
        <test-method signature="verifyEmptyFieldValidation()[pri:0, instance:com.bankbot.tests.ValidationTest@60db1c0e]" started-at="2026-04-29T22:50:40 IST" name="verifyEmptyFieldValidation" finished-at="2026-04-29T22:51:16 IST" duration-ms="36464" status="PASS">
          <reporter-output>
          </reporter-output>
        </test-method> <!-- verifyEmptyFieldValidation -->
        <test-method is-config="true" signature="tearDown()[pri:0, instance:com.bankbot.tests.ValidationTest@60db1c0e]" started-at="2026-04-29T22:51:16 IST" name="tearDown" finished-at="2026-04-29T22:51:17 IST" duration-ms="680" status="PASS">
          <reporter-output>
          </reporter-output>
        </test-method> <!-- tearDown -->
        <test-method is-config="true" signature="setUp(org.testng.ITestContext)[pri:0, instance:com.bankbot.tests.ValidationTest@60db1c0e]" started-at="2026-04-29T22:51:17 IST" name="setUp" finished-at="2026-04-29T22:51:21 IST" duration-ms="3854" status="PASS">
          <params>
            <param index="0">
              <value>
                <![CDATA[org.testng.TestRunner@521d455c]]>
              </value>
            </param>
          </params>
          <reporter-output>
          </reporter-output>
        </test-method> <!-- setUp -->
        <test-method signature="verifyFutureDateValidation()[pri:0, instance:com.bankbot.tests.ValidationTest@60db1c0e]" started-at="2026-04-29T22:51:21 IST" name="verifyFutureDateValidation" finished-at="2026-04-29T22:51:34 IST" duration-ms="12497" status="PASS">
          <reporter-output>
          </reporter-output>
        </test-method> <!-- verifyFutureDateValidation -->
        <test-method is-config="true" signature="tearDown()[pri:0, instance:com.bankbot.tests.ValidationTest@60db1c0e]" started-at="2026-04-29T22:51:34 IST" name="tearDown" finished-at="2026-04-29T22:51:34 IST" duration-ms="296" status="PASS">
          <reporter-output>
          </reporter-output>
        </test-method> <!-- tearDown -->
        <test-method is-config="true" signature="setUp(org.testng.ITestContext)[pri:0, instance:com.bankbot.tests.ValidationTest@60db1c0e]" started-at="2026-04-29T22:51:34 IST" name="setUp" finished-at="2026-04-29T22:51:37 IST" duration-ms="2921" status="PASS">
          <params>
            <param index="0">
              <value>
                <![CDATA[org.testng.TestRunner@521d455c]]>
              </value>
            </param>
          </params>
          <reporter-output>
          </reporter-output>
        </test-method> <!-- setUp -->
        <test-method retried="true" signature="verifyNonNumericValidation()[pri:0, instance:com.bankbot.tests.ValidationTest@60db1c0e]" started-at="2026-04-29T22:51:37 IST" name="verifyNonNumericValidation" finished-at="2026-04-29T22:52:03 IST" duration-ms="26355" status="SKIP">
          <exception class="org.openqa.selenium.TimeoutException">
            <message>
              <![CDATA[Expected condition failed: waiting for visibility of element located by By.name: name (tried for 10 second(s) with 500 milliseconds interval)
Build info: version: '4.39.0', revision: '126f156aee'
System info: os.name: 'Windows 11', os.arch: 'amd64', os.version: '10.0', java.version: '17.0.12'
Driver info: org.openqa.selenium.chrome.ChromeDriver
Capabilities {acceptInsecureCerts: false, browserName: chrome, browserVersion: 147.0.7727.137, chrome: {chromedriverVersion: 147.0.7727.117 (474cc805edd..., userDataDir: C:\Users\manas\AppData\Loca...}, fedcm:accounts: true, goog:chromeOptions: {debuggerAddress: localhost:58179}, goog:processID: 2824, networkConnectionEnabled: false, pageLoadStrategy: normal, platformName: windows, proxy: Proxy(), se:cdp: ws://localhost:58179/devtoo..., se:cdpVersion: 147.0.7727.137, setWindowRect: true, strictFileInteractability: false, timeouts: {implicit: 0, pageLoad: 300000, script: 30000}, unhandledPromptBehavior: dismiss and notify, webauthn:extension:credBlob: true, webauthn:extension:largeBlob: true, webauthn:extension:minPinLength: true, webauthn:extension:prf: true, webauthn:virtualAuthenticators: true}
Session ID: 37c9ffe8e3026b4ae5ce8e934ae91fe8]]>
            </message>
            <full-stacktrace>
              <![CDATA[org.openqa.selenium.TimeoutException: Expected condition failed: waiting for visibility of element located by By.name: name (tried for 10 second(s) with 500 milliseconds interval)
Build info: version: '4.39.0', revision: '126f156aee'
System info: os.name: 'Windows 11', os.arch: 'amd64', os.version: '10.0', java.version: '17.0.12'
Driver info: org.openqa.selenium.chrome.ChromeDriver
Capabilities {acceptInsecureCerts: false, browserName: chrome, browserVersion: 147.0.7727.137, chrome: {chromedriverVersion: 147.0.7727.117 (474cc805edd..., userDataDir: C:\Users\manas\AppData\Loca...}, fedcm:accounts: true, goog:chromeOptions: {debuggerAddress: localhost:58179}, goog:processID: 2824, networkConnectionEnabled: false, pageLoadStrategy: normal, platformName: windows, proxy: Proxy(), se:cdp: ws://localhost:58179/devtoo..., se:cdpVersion: 147.0.7727.137, setWindowRect: true, strictFileInteractability: false, timeouts: {implicit: 0, pageLoad: 300000, script: 30000}, unhandledPromptBehavior: dismiss and notify, webauthn:extension:credBlob: true, webauthn:extension:largeBlob: true, webauthn:extension:minPinLength: true, webauthn:extension:prf: true, webauthn:virtualAuthenticators: true}
Session ID: 37c9ffe8e3026b4ae5ce8e934ae91fe8
at org.openqa.selenium.support.ui.WebDriverWait.timeoutException(WebDriverWait.java:84)
at org.openqa.selenium.support.ui.FluentWait.until(FluentWait.java:228)
at com.bankbot.base.BasePage.waitForVisibility(BasePage.java:28)
at com.bankbot.pages.NewCustomerPage.navigateToNewCustomer(NewCustomerPage.java:47)
at com.bankbot.tests.ValidationTest.verifyNonNumericValidation(ValidationTest.java:36)
at java.base/jdk.internal.reflect.NativeMethodAccessorImpl.invoke0(Native Method)
at java.base/jdk.internal.reflect.NativeMethodAccessorImpl.invoke(NativeMethodAccessorImpl.java:77)
at java.base/jdk.internal.reflect.DelegatingMethodAccessorImpl.invoke(DelegatingMethodAccessorImpl.java:43)
at java.base/java.lang.reflect.Method.invoke(Method.java:568)
at org.testng.internal.invokers.MethodInvocationHelper.invokeMethod(MethodInvocationHelper.java:141)
at org.testng.internal.invokers.TestInvoker.invokeMethod(TestInvoker.java:686)
at org.testng.internal.invokers.TestInvoker.invokeTestMethod(TestInvoker.java:230)
at org.testng.internal.invokers.MethodRunner.runInSequence(MethodRunner.java:63)
at org.testng.internal.invokers.TestInvoker$MethodInvocationAgent.invoke(TestInvoker.java:992)
at org.testng.internal.invokers.TestInvoker.invokeTestMethods(TestInvoker.java:203)
at org.testng.internal.invokers.TestMethodWorker.invokeTestMethods(TestMethodWorker.java:154)
at org.testng.internal.invokers.TestMethodWorker.run(TestMethodWorker.java:134)
at java.base/java.util.ArrayList.forEach(ArrayList.java:1511)
at org.testng.TestRunner.privateRun(TestRunner.java:739)
at org.testng.TestRunner.run(TestRunner.java:614)
at org.testng.SuiteRunner.runTest(SuiteRunner.java:421)
at org.testng.SuiteRunner.runSequentially(SuiteRunner.java:413)
at org.testng.SuiteRunner.privateRun(SuiteRunner.java:373)
at org.testng.SuiteRunner.run(SuiteRunner.java:312)
at org.testng.SuiteRunnerWorker.runSuite(SuiteRunnerWorker.java:52)
at org.testng.SuiteRunnerWorker.run(SuiteRunnerWorker.java:95)
at org.testng.TestNG.runSuitesSequentially(TestNG.java:1274)
at org.testng.TestNG.runSuitesLocally(TestNG.java:1208)
at org.testng.TestNG.runSuites(TestNG.java:1112)
at org.testng.TestNG.run(TestNG.java:1079)
at org.testng.remote.AbstractRemoteTestNG.run(AbstractRemoteTestNG.java:115)
at org.testng.remote.RemoteTestNG.initAndRun(RemoteTestNG.java:293)
at org.testng.remote.RemoteTestNG.main(RemoteTestNG.java:91)
]]>
            </full-stacktrace>
          </exception> <!-- org.openqa.selenium.TimeoutException -->
          <reporter-output>
          </reporter-output>
        </test-method> <!-- verifyNonNumericValidation -->
        <test-method is-config="true" signature="tearDown()[pri:0, instance:com.bankbot.tests.ValidationTest@60db1c0e]" started-at="2026-04-29T22:52:03 IST" name="tearDown" finished-at="2026-04-29T22:52:03 IST" duration-ms="281" status="PASS">
          <reporter-output>
          </reporter-output>
        </test-method> <!-- tearDown -->
        <test-method is-config="true" signature="setUp(org.testng.ITestContext)[pri:0, instance:com.bankbot.tests.ValidationTest@60db1c0e]" started-at="2026-04-29T22:52:03 IST" name="setUp" finished-at="2026-04-29T22:52:06 IST" duration-ms="2659" status="PASS">
          <params>
            <param index="0">
              <value>
                <![CDATA[org.testng.TestRunner@521d455c]]>
              </value>
            </param>
          </params>
          <reporter-output>
          </reporter-output>
        </test-method> <!-- setUp -->
        <test-method signature="verifyNonNumericValidation()[pri:0, instance:com.bankbot.tests.ValidationTest@60db1c0e]" started-at="2026-04-29T22:52:06 IST" name="verifyNonNumericValidation" finished-at="2026-04-29T22:52:10 IST" duration-ms="4146" status="PASS">
          <reporter-output>
          </reporter-output>
        </test-method> <!-- verifyNonNumericValidation -->
        <test-method is-config="true" signature="tearDown()[pri:0, instance:com.bankbot.tests.ValidationTest@60db1c0e]" started-at="2026-04-29T22:52:10 IST" name="tearDown" finished-at="2026-04-29T22:52:11 IST" duration-ms="407" status="PASS">
          <reporter-output>
          </reporter-output>
        </test-method> <!-- tearDown -->
      </class> <!-- com.bankbot.tests.ValidationTest -->
    </test> <!-- Login And Validation Tests -->
    <test started-at="2026-04-29T22:52:12 IST" name="Customer Tests" finished-at="2026-04-29T22:52:56 IST" duration-ms="44686">
      <class name="com.bankbot.tests.CustomerTest">
        <test-method is-config="true" signature="setUp(org.testng.ITestContext)[pri:0, instance:com.bankbot.tests.CustomerTest@72d6b3ba]" started-at="2026-04-29T22:52:12 IST" name="setUp" finished-at="2026-04-29T22:52:18 IST" duration-ms="6061" status="PASS">
          <params>
            <param index="0">
              <value>
                <![CDATA[org.testng.TestRunner@526ae1fc]]>
              </value>
            </param>
          </params>
          <reporter-output>
          </reporter-output>
        </test-method> <!-- setUp -->
        <test-method signature="verifyCreateCustomer()[pri:0, instance:com.bankbot.tests.CustomerTest@72d6b3ba]" started-at="2026-04-29T22:52:18 IST" name="verifyCreateCustomer" finished-at="2026-04-29T22:52:23 IST" duration-ms="5789" status="PASS">
          <reporter-output>
          </reporter-output>
        </test-method> <!-- verifyCreateCustomer -->
        <test-method is-config="true" signature="tearDown()[pri:0, instance:com.bankbot.tests.CustomerTest@72d6b3ba]" started-at="2026-04-29T22:52:23 IST" name="tearDown" finished-at="2026-04-29T22:52:24 IST" duration-ms="605" status="PASS">
          <reporter-output>
          </reporter-output>
        </test-method> <!-- tearDown -->
        <test-method is-config="true" signature="setUp(org.testng.ITestContext)[pri:0, instance:com.bankbot.tests.CustomerTest@72d6b3ba]" started-at="2026-04-29T22:52:24 IST" name="setUp" finished-at="2026-04-29T22:52:29 IST" duration-ms="4857" status="PASS">
          <params>
            <param index="0">
              <value>
                <![CDATA[org.testng.TestRunner@526ae1fc]]>
              </value>
            </param>
          </params>
          <reporter-output>
          </reporter-output>
        </test-method> <!-- setUp -->
        <test-method signature="verifyDuplicateEmailError()[pri:0, instance:com.bankbot.tests.CustomerTest@72d6b3ba]" started-at="2026-04-29T22:52:29 IST" name="verifyDuplicateEmailError" finished-at="2026-04-29T22:52:37 IST" duration-ms="7929" status="PASS">
          <reporter-output>
          </reporter-output>
        </test-method> <!-- verifyDuplicateEmailError -->
        <test-method is-config="true" signature="tearDown()[pri:0, instance:com.bankbot.tests.CustomerTest@72d6b3ba]" started-at="2026-04-29T22:52:37 IST" name="tearDown" finished-at="2026-04-29T22:52:37 IST" duration-ms="553" status="PASS">
          <reporter-output>
          </reporter-output>
        </test-method> <!-- tearDown -->
        <test-method is-config="true" signature="setUp(org.testng.ITestContext)[pri:0, instance:com.bankbot.tests.CustomerTest@72d6b3ba]" started-at="2026-04-29T22:52:37 IST" name="setUp" finished-at="2026-04-29T22:52:42 IST" duration-ms="4326" status="PASS">
          <params>
            <param index="0">
              <value>
                <![CDATA[org.testng.TestRunner@526ae1fc]]>
              </value>
            </param>
          </params>
          <reporter-output>
          </reporter-output>
        </test-method> <!-- setUp -->
        <test-method signature="verifyEditCustomer()[pri:0, instance:com.bankbot.tests.CustomerTest@72d6b3ba]" started-at="2026-04-29T22:52:42 IST" name="verifyEditCustomer" finished-at="2026-04-29T22:52:56 IST" duration-ms="14074" status="PASS">
          <reporter-output>
          </reporter-output>
        </test-method> <!-- verifyEditCustomer -->
        <test-method is-config="true" signature="tearDown()[pri:0, instance:com.bankbot.tests.CustomerTest@72d6b3ba]" started-at="2026-04-29T22:52:56 IST" name="tearDown" finished-at="2026-04-29T22:52:56 IST" duration-ms="476" status="PASS">
          <reporter-output>
          </reporter-output>
        </test-method> <!-- tearDown -->
      </class> <!-- com.bankbot.tests.CustomerTest -->
    </test> <!-- Customer Tests -->
    <test started-at="2026-04-29T22:52:56 IST" name="Account Tests" finished-at="2026-04-29T22:53:44 IST" duration-ms="47528">
      <class name="com.bankbot.tests.AccountTest">
        <test-method is-config="true" signature="setUp(org.testng.ITestContext)[pri:0, instance:com.bankbot.tests.AccountTest@35a3d49f]" started-at="2026-04-29T22:52:56 IST" name="setUp" finished-at="2026-04-29T22:53:02 IST" duration-ms="5363" status="PASS">
          <params>
            <param index="0">
              <value>
                <![CDATA[org.testng.TestRunner@cf9223f]]>
              </value>
            </param>
          </params>
          <reporter-output>
          </reporter-output>
        </test-method> <!-- setUp -->
        <test-method signature="verifyCreateAccount()[pri:0, instance:com.bankbot.tests.AccountTest@35a3d49f]" started-at="2026-04-29T22:53:02 IST" name="verifyCreateAccount" finished-at="2026-04-29T22:53:10 IST" duration-ms="8216" status="PASS">
          <reporter-output>
          </reporter-output>
        </test-method> <!-- verifyCreateAccount -->
        <test-method is-config="true" signature="tearDown()[pri:0, instance:com.bankbot.tests.AccountTest@35a3d49f]" started-at="2026-04-29T22:53:10 IST" name="tearDown" finished-at="2026-04-29T22:53:10 IST" duration-ms="308" status="PASS">
          <reporter-output>
          </reporter-output>
        </test-method> <!-- tearDown -->
        <test-method is-config="true" signature="setUp(org.testng.ITestContext)[pri:0, instance:com.bankbot.tests.AccountTest@35a3d49f]" started-at="2026-04-29T22:53:10 IST" name="setUp" finished-at="2026-04-29T22:53:15 IST" duration-ms="4543" status="PASS">
          <params>
            <param index="0">
              <value>
                <![CDATA[org.testng.TestRunner@cf9223f]]>
              </value>
            </param>
          </params>
          <reporter-output>
          </reporter-output>
        </test-method> <!-- setUp -->
        <test-method signature="verifyEditAccount()[pri:0, instance:com.bankbot.tests.AccountTest@35a3d49f]" started-at="2026-04-29T22:53:15 IST" name="verifyEditAccount" finished-at="2026-04-29T22:53:34 IST" duration-ms="19690" status="PASS">
          <reporter-output>
          </reporter-output>
        </test-method> <!-- verifyEditAccount -->
        <test-method is-config="true" signature="tearDown()[pri:0, instance:com.bankbot.tests.AccountTest@35a3d49f]" started-at="2026-04-29T22:53:34 IST" name="tearDown" finished-at="2026-04-29T22:53:35 IST" duration-ms="554" status="PASS">
          <reporter-output>
          </reporter-output>
        </test-method> <!-- tearDown -->
        <test-method is-config="true" signature="setUp(org.testng.ITestContext)[pri:0, instance:com.bankbot.tests.AccountTest@35a3d49f]" started-at="2026-04-29T22:53:35 IST" name="setUp" finished-at="2026-04-29T22:53:40 IST" duration-ms="4523" status="PASS">
          <params>
            <param index="0">
              <value>
                <![CDATA[org.testng.TestRunner@cf9223f]]>
              </value>
            </param>
          </params>
          <reporter-output>
          </reporter-output>
        </test-method> <!-- setUp -->
        <test-method signature="verifyInvalidCustomerIdAccountCreation()[pri:0, instance:com.bankbot.tests.AccountTest@35a3d49f]" started-at="2026-04-29T22:53:40 IST" name="verifyInvalidCustomerIdAccountCreation" finished-at="2026-04-29T22:53:43 IST" duration-ms="3938" status="PASS">
          <reporter-output>
          </reporter-output>
        </test-method> <!-- verifyInvalidCustomerIdAccountCreation -->
        <test-method is-config="true" signature="tearDown()[pri:0, instance:com.bankbot.tests.AccountTest@35a3d49f]" started-at="2026-04-29T22:53:43 IST" name="tearDown" finished-at="2026-04-29T22:53:44 IST" duration-ms="382" status="PASS">
          <reporter-output>
          </reporter-output>
        </test-method> <!-- tearDown -->
      </class> <!-- com.bankbot.tests.AccountTest -->
    </test> <!-- Account Tests -->
    <test started-at="2026-04-29T22:53:44 IST" name="Fund Transfer Tests" finished-at="2026-04-29T22:55:58 IST" duration-ms="133698">
      <class name="com.bankbot.tests.FundTransferTest">
        <test-method is-config="true" signature="setUp(org.testng.ITestContext)[pri:0, instance:com.bankbot.tests.FundTransferTest@1b410b60]" started-at="2026-04-29T22:53:44 IST" name="setUp" finished-at="2026-04-29T22:53:47 IST" duration-ms="2625" status="PASS">
          <params>
            <param index="0">
              <value>
                <![CDATA[org.testng.TestRunner@7a62e096]]>
              </value>
            </param>
          </params>
          <reporter-output>
          </reporter-output>
        </test-method> <!-- setUp -->
        <test-method retried="true" signature="verifyBalanceAfterTransfer()[pri:0, instance:com.bankbot.tests.FundTransferTest@1b410b60]" started-at="2026-04-29T22:53:47 IST" name="verifyBalanceAfterTransfer" finished-at="2026-04-29T22:54:12 IST" duration-ms="24895" status="SKIP">
          <exception class="org.openqa.selenium.TimeoutException">
            <message>
              <![CDATA[Expected condition failed: waiting for visibility of element located by By.name: name (tried for 10 second(s) with 500 milliseconds interval)
Build info: version: '4.39.0', revision: '126f156aee'
System info: os.name: 'Windows 11', os.arch: 'amd64', os.version: '10.0', java.version: '17.0.12'
Driver info: org.openqa.selenium.chrome.ChromeDriver
Capabilities {acceptInsecureCerts: false, browserName: chrome, browserVersion: 147.0.7727.137, chrome: {chromedriverVersion: 147.0.7727.117 (474cc805edd..., userDataDir: C:\Users\manas\AppData\Loca...}, fedcm:accounts: true, goog:chromeOptions: {debuggerAddress: localhost:61992}, goog:processID: 36964, networkConnectionEnabled: false, pageLoadStrategy: normal, platformName: windows, proxy: Proxy(), se:cdp: ws://localhost:61992/devtoo..., se:cdpVersion: 147.0.7727.137, setWindowRect: true, strictFileInteractability: false, timeouts: {implicit: 0, pageLoad: 300000, script: 30000}, unhandledPromptBehavior: dismiss and notify, webauthn:extension:credBlob: true, webauthn:extension:largeBlob: true, webauthn:extension:minPinLength: true, webauthn:extension:prf: true, webauthn:virtualAuthenticators: true}
Session ID: df05fed1da06c16f3a5ff6bb5f366005]]>
            </message>
            <full-stacktrace>
              <![CDATA[org.openqa.selenium.TimeoutException: Expected condition failed: waiting for visibility of element located by By.name: name (tried for 10 second(s) with 500 milliseconds interval)
Build info: version: '4.39.0', revision: '126f156aee'
System info: os.name: 'Windows 11', os.arch: 'amd64', os.version: '10.0', java.version: '17.0.12'
Driver info: org.openqa.selenium.chrome.ChromeDriver
Capabilities {acceptInsecureCerts: false, browserName: chrome, browserVersion: 147.0.7727.137, chrome: {chromedriverVersion: 147.0.7727.117 (474cc805edd..., userDataDir: C:\Users\manas\AppData\Loca...}, fedcm:accounts: true, goog:chromeOptions: {debuggerAddress: localhost:61992}, goog:processID: 36964, networkConnectionEnabled: false, pageLoadStrategy: normal, platformName: windows, proxy: Proxy(), se:cdp: ws://localhost:61992/devtoo..., se:cdpVersion: 147.0.7727.137, setWindowRect: true, strictFileInteractability: false, timeouts: {implicit: 0, pageLoad: 300000, script: 30000}, unhandledPromptBehavior: dismiss and notify, webauthn:extension:credBlob: true, webauthn:extension:largeBlob: true, webauthn:extension:minPinLength: true, webauthn:extension:prf: true, webauthn:virtualAuthenticators: true}
Session ID: df05fed1da06c16f3a5ff6bb5f366005
at org.openqa.selenium.support.ui.WebDriverWait.timeoutException(WebDriverWait.java:84)
at org.openqa.selenium.support.ui.FluentWait.until(FluentWait.java:228)
at com.bankbot.base.BasePage.waitForVisibility(BasePage.java:28)
at com.bankbot.pages.NewCustomerPage.navigateToNewCustomer(NewCustomerPage.java:47)
at com.bankbot.tests.FundTransferTest.createTwoAccounts(FundTransferTest.java:22)
at com.bankbot.tests.FundTransferTest.verifyBalanceAfterTransfer(FundTransferTest.java:71)
at java.base/jdk.internal.reflect.NativeMethodAccessorImpl.invoke0(Native Method)
at java.base/jdk.internal.reflect.NativeMethodAccessorImpl.invoke(NativeMethodAccessorImpl.java:77)
at java.base/jdk.internal.reflect.DelegatingMethodAccessorImpl.invoke(DelegatingMethodAccessorImpl.java:43)
at java.base/java.lang.reflect.Method.invoke(Method.java:568)
at org.testng.internal.invokers.MethodInvocationHelper.invokeMethod(MethodInvocationHelper.java:141)
at org.testng.internal.invokers.TestInvoker.invokeMethod(TestInvoker.java:686)
at org.testng.internal.invokers.TestInvoker.invokeTestMethod(TestInvoker.java:230)
at org.testng.internal.invokers.MethodRunner.runInSequence(MethodRunner.java:63)
at org.testng.internal.invokers.TestInvoker$MethodInvocationAgent.invoke(TestInvoker.java:992)
at org.testng.internal.invokers.TestInvoker.invokeTestMethods(TestInvoker.java:203)
at org.testng.internal.invokers.TestMethodWorker.invokeTestMethods(TestMethodWorker.java:154)
at org.testng.internal.invokers.TestMethodWorker.run(TestMethodWorker.java:134)
at java.base/java.util.ArrayList.forEach(ArrayList.java:1511)
at org.testng.TestRunner.privateRun(TestRunner.java:739)
at org.testng.TestRunner.run(TestRunner.java:614)
at org.testng.SuiteRunner.runTest(SuiteRunner.java:421)
at org.testng.SuiteRunner.runSequentially(SuiteRunner.java:413)
at org.testng.SuiteRunner.privateRun(SuiteRunner.java:373)
at org.testng.SuiteRunner.run(SuiteRunner.java:312)
at org.testng.SuiteRunnerWorker.runSuite(SuiteRunnerWorker.java:52)
at org.testng.SuiteRunnerWorker.run(SuiteRunnerWorker.java:95)
at org.testng.TestNG.runSuitesSequentially(TestNG.java:1274)
at org.testng.TestNG.runSuitesLocally(TestNG.java:1208)
at org.testng.TestNG.runSuites(TestNG.java:1112)
at org.testng.TestNG.run(TestNG.java:1079)
at org.testng.remote.AbstractRemoteTestNG.run(AbstractRemoteTestNG.java:115)
at org.testng.remote.RemoteTestNG.initAndRun(RemoteTestNG.java:293)
at org.testng.remote.RemoteTestNG.main(RemoteTestNG.java:91)
]]>
            </full-stacktrace>
          </exception> <!-- org.openqa.selenium.TimeoutException -->
          <reporter-output>
          </reporter-output>
        </test-method> <!-- verifyBalanceAfterTransfer -->
        <test-method is-config="true" signature="tearDown()[pri:0, instance:com.bankbot.tests.FundTransferTest@1b410b60]" started-at="2026-04-29T22:54:12 IST" name="tearDown" finished-at="2026-04-29T22:54:12 IST" duration-ms="638" status="PASS">
          <reporter-output>
          </reporter-output>
        </test-method> <!-- tearDown -->
        <test-method is-config="true" signature="setUp(org.testng.ITestContext)[pri:0, instance:com.bankbot.tests.FundTransferTest@1b410b60]" started-at="2026-04-29T22:54:12 IST" name="setUp" finished-at="2026-04-29T22:54:17 IST" duration-ms="4532" status="PASS">
          <params>
            <param index="0">
              <value>
                <![CDATA[org.testng.TestRunner@7a62e096]]>
              </value>
            </param>
          </params>
          <reporter-output>
          </reporter-output>
        </test-method> <!-- setUp -->
        <test-method retried="true" signature="verifyBalanceAfterTransfer()[pri:0, instance:com.bankbot.tests.FundTransferTest@1b410b60]" started-at="2026-04-29T22:54:17 IST" name="verifyBalanceAfterTransfer" finished-at="2026-04-29T22:54:45 IST" duration-ms="28466" status="SKIP">
          <exception class="org.openqa.selenium.UnhandledAlertException">
            <message>
              <![CDATA[unexpected alert open: {Alert text : Please fill all fields}
  (Session info: chrome=147.0.7727.137): Please fill all fields
Build info: version: '4.39.0', revision: '126f156aee'
System info: os.name: 'Windows 11', os.arch: 'amd64', os.version: '10.0', java.version: '17.0.12'
Driver info: org.openqa.selenium.chrome.ChromeDriver
Command: [257df5388a4a1660fe32e98210008ca7, findElement {using=xpath, value=//p[@class='heading3']}]
Capabilities {acceptInsecureCerts: false, browserName: chrome, browserVersion: 147.0.7727.137, chrome: {chromedriverVersion: 147.0.7727.117 (474cc805edd..., userDataDir: C:\Users\manas\AppData\Loca...}, fedcm:accounts: true, goog:chromeOptions: {debuggerAddress: localhost:54486}, goog:processID: 29604, networkConnectionEnabled: false, pageLoadStrategy: normal, platformName: windows, proxy: Proxy(), se:cdp: ws://localhost:54486/devtoo..., se:cdpVersion: 147.0.7727.137, setWindowRect: true, strictFileInteractability: false, timeouts: {implicit: 0, pageLoad: 300000, script: 30000}, unhandledPromptBehavior: dismiss and notify, webauthn:extension:credBlob: true, webauthn:extension:largeBlob: true, webauthn:extension:minPinLength: true, webauthn:extension:prf: true, webauthn:virtualAuthenticators: true}
Session ID: 257df5388a4a1660fe32e98210008ca7]]>
            </message>
            <full-stacktrace>
              <![CDATA[org.openqa.selenium.UnhandledAlertException: unexpected alert open: {Alert text : Please fill all fields}
  (Session info: chrome=147.0.7727.137): Please fill all fields
Build info: version: '4.39.0', revision: '126f156aee'
System info: os.name: 'Windows 11', os.arch: 'amd64', os.version: '10.0', java.version: '17.0.12'
Driver info: org.openqa.selenium.chrome.ChromeDriver
Command: [257df5388a4a1660fe32e98210008ca7, findElement {using=xpath, value=//p[@class='heading3']}]
Capabilities {acceptInsecureCerts: false, browserName: chrome, browserVersion: 147.0.7727.137, chrome: {chromedriverVersion: 147.0.7727.117 (474cc805edd..., userDataDir: C:\Users\manas\AppData\Loca...}, fedcm:accounts: true, goog:chromeOptions: {debuggerAddress: localhost:54486}, goog:processID: 29604, networkConnectionEnabled: false, pageLoadStrategy: normal, platformName: windows, proxy: Proxy(), se:cdp: ws://localhost:54486/devtoo..., se:cdpVersion: 147.0.7727.137, setWindowRect: true, strictFileInteractability: false, timeouts: {implicit: 0, pageLoad: 300000, script: 30000}, unhandledPromptBehavior: dismiss and notify, webauthn:extension:credBlob: true, webauthn:extension:largeBlob: true, webauthn:extension:minPinLength: true, webauthn:extension:prf: true, webauthn:virtualAuthenticators: true}
Session ID: 257df5388a4a1660fe32e98210008ca7
at org.openqa.selenium.remote.codec.w3c.W3CHttpResponseCodec.decode(W3CHttpResponseCodec.java:140)
at org.openqa.selenium.remote.codec.w3c.W3CHttpResponseCodec.decode(W3CHttpResponseCodec.java:49)
at org.openqa.selenium.remote.HttpCommandExecutor.execute(HttpCommandExecutor.java:215)
at org.openqa.selenium.remote.service.DriverCommandExecutor.invokeExecute(DriverCommandExecutor.java:216)
at org.openqa.selenium.remote.service.DriverCommandExecutor.execute(DriverCommandExecutor.java:174)
at org.openqa.selenium.remote.RemoteWebDriver.execute(RemoteWebDriver.java:561)
at org.openqa.selenium.remote.ElementLocation$ElementFinder$2.findElement(ElementLocation.java:166)
at org.openqa.selenium.remote.ElementLocation.findElement(ElementLocation.java:60)
at org.openqa.selenium.remote.RemoteWebDriver.findElement(RemoteWebDriver.java:384)
at org.openqa.selenium.remote.RemoteWebDriver.findElement(RemoteWebDriver.java:378)
at org.openqa.selenium.support.ui.ExpectedConditions$7.apply(ExpectedConditions.java:198)
at org.openqa.selenium.support.ui.ExpectedConditions$7.apply(ExpectedConditions.java:194)
at org.openqa.selenium.support.ui.FluentWait.until(FluentWait.java:203)
at com.bankbot.base.BasePage.waitForVisibility(BasePage.java:28)
at com.bankbot.base.BasePage.getText(BasePage.java:46)
at com.bankbot.pages.FundTransferPage.isTransferSuccessful(FundTransferPage.java:40)
at com.bankbot.tests.FundTransferTest.verifyBalanceAfterTransfer(FundTransferTest.java:80)
at java.base/jdk.internal.reflect.NativeMethodAccessorImpl.invoke0(Native Method)
at java.base/jdk.internal.reflect.NativeMethodAccessorImpl.invoke(NativeMethodAccessorImpl.java:77)
at java.base/jdk.internal.reflect.DelegatingMethodAccessorImpl.invoke(DelegatingMethodAccessorImpl.java:43)
at java.base/java.lang.reflect.Method.invoke(Method.java:568)
at org.testng.internal.invokers.MethodInvocationHelper.invokeMethod(MethodInvocationHelper.java:141)
at org.testng.internal.invokers.TestInvoker.invokeMethod(TestInvoker.java:686)
at org.testng.internal.invokers.TestInvoker.retryFailed(TestInvoker.java:269)
at org.testng.internal.invokers.MethodRunner.runInSequence(MethodRunner.java:76)
at org.testng.internal.invokers.TestInvoker$MethodInvocationAgent.invoke(TestInvoker.java:992)
at org.testng.internal.invokers.TestInvoker.invokeTestMethods(TestInvoker.java:203)
at org.testng.internal.invokers.TestMethodWorker.invokeTestMethods(TestMethodWorker.java:154)
at org.testng.internal.invokers.TestMethodWorker.run(TestMethodWorker.java:134)
at java.base/java.util.ArrayList.forEach(ArrayList.java:1511)
at org.testng.TestRunner.privateRun(TestRunner.java:739)
at org.testng.TestRunner.run(TestRunner.java:614)
at org.testng.SuiteRunner.runTest(SuiteRunner.java:421)
at org.testng.SuiteRunner.runSequentially(SuiteRunner.java:413)
at org.testng.SuiteRunner.privateRun(SuiteRunner.java:373)
at org.testng.SuiteRunner.run(SuiteRunner.java:312)
at org.testng.SuiteRunnerWorker.runSuite(SuiteRunnerWorker.java:52)
at org.testng.SuiteRunnerWorker.run(SuiteRunnerWorker.java:95)
at org.testng.TestNG.runSuitesSequentially(TestNG.java:1274)
at org.testng.TestNG.runSuitesLocally(TestNG.java:1208)
at org.testng.TestNG.runSuites(TestNG.java:1112)
at org.testng.TestNG.run(TestNG.java:1079)
at org.testng.remote.AbstractRemoteTestNG.run(AbstractRemoteTestNG.java:115)
at org.testng.remote.RemoteTestNG.initAndRun(RemoteTestNG.java:293)
at org.testng.remote.RemoteTestNG.main(RemoteTestNG.java:91)
]]>
            </full-stacktrace>
          </exception> <!-- org.openqa.selenium.UnhandledAlertException -->
          <reporter-output>
          </reporter-output>
        </test-method> <!-- verifyBalanceAfterTransfer -->
        <test-method is-config="true" signature="tearDown()[pri:0, instance:com.bankbot.tests.FundTransferTest@1b410b60]" started-at="2026-04-29T22:54:45 IST" name="tearDown" finished-at="2026-04-29T22:54:46 IST" duration-ms="1021" status="PASS">
          <reporter-output>
          </reporter-output>
        </test-method> <!-- tearDown -->
        <test-method is-config="true" signature="setUp(org.testng.ITestContext)[pri:0, instance:com.bankbot.tests.FundTransferTest@1b410b60]" started-at="2026-04-29T22:54:46 IST" name="setUp" finished-at="2026-04-29T22:54:52 IST" duration-ms="5333" status="PASS">
          <params>
            <param index="0">
              <value>
                <![CDATA[org.testng.TestRunner@7a62e096]]>
              </value>
            </param>
          </params>
          <reporter-output>
          </reporter-output>
        </test-method> <!-- setUp -->
        <test-method signature="verifyBalanceAfterTransfer()[pri:0, instance:com.bankbot.tests.FundTransferTest@1b410b60]" started-at="2026-04-29T22:54:52 IST" name="verifyBalanceAfterTransfer" finished-at="2026-04-29T22:55:21 IST" duration-ms="29652" status="PASS">
          <reporter-output>
          </reporter-output>
        </test-method> <!-- verifyBalanceAfterTransfer -->
        <test-method is-config="true" signature="tearDown()[pri:0, instance:com.bankbot.tests.FundTransferTest@1b410b60]" started-at="2026-04-29T22:55:21 IST" name="tearDown" finished-at="2026-04-29T22:55:23 IST" duration-ms="1408" status="PASS">
          <reporter-output>
          </reporter-output>
        </test-method> <!-- tearDown -->
        <test-method is-config="true" signature="setUp(org.testng.ITestContext)[pri:0, instance:com.bankbot.tests.FundTransferTest@1b410b60]" started-at="2026-04-29T22:55:23 IST" name="setUp" finished-at="2026-04-29T22:55:27 IST" duration-ms="4542" status="PASS">
          <params>
            <param index="0">
              <value>
                <![CDATA[org.testng.TestRunner@7a62e096]]>
              </value>
            </param>
          </params>
          <reporter-output>
          </reporter-output>
        </test-method> <!-- setUp -->
        <test-method signature="verifyFundTransferSuccess()[pri:0, instance:com.bankbot.tests.FundTransferTest@1b410b60]" started-at="2026-04-29T22:55:27 IST" name="verifyFundTransferSuccess" finished-at="2026-04-29T22:55:43 IST" duration-ms="15433" status="PASS">
          <reporter-output>
          </reporter-output>
        </test-method> <!-- verifyFundTransferSuccess -->
        <test-method is-config="true" signature="tearDown()[pri:0, instance:com.bankbot.tests.FundTransferTest@1b410b60]" started-at="2026-04-29T22:55:43 IST" name="tearDown" finished-at="2026-04-29T22:55:43 IST" duration-ms="656" status="PASS">
          <reporter-output>
          </reporter-output>
        </test-method> <!-- tearDown -->
        <test-method is-config="true" signature="setUp(org.testng.ITestContext)[pri:0, instance:com.bankbot.tests.FundTransferTest@1b410b60]" started-at="2026-04-29T22:55:43 IST" name="setUp" finished-at="2026-04-29T22:55:47 IST" duration-ms="4208" status="PASS">
          <params>
            <param index="0">
              <value>
                <![CDATA[org.testng.TestRunner@7a62e096]]>
              </value>
            </param>
          </params>
          <reporter-output>
          </reporter-output>
        </test-method> <!-- setUp -->
        <test-method signature="verifyInvalidPayeeTransfer()[pri:0, instance:com.bankbot.tests.FundTransferTest@1b410b60]" started-at="2026-04-29T22:55:47 IST" name="verifyInvalidPayeeTransfer" finished-at="2026-04-29T22:55:55 IST" duration-ms="7651" status="PASS">
          <reporter-output>
          </reporter-output>
        </test-method> <!-- verifyInvalidPayeeTransfer -->
        <test-method is-config="true" signature="tearDown()[pri:0, instance:com.bankbot.tests.FundTransferTest@1b410b60]" started-at="2026-04-29T22:55:55 IST" name="tearDown" finished-at="2026-04-29T22:55:58 IST" duration-ms="2604" status="PASS">
          <reporter-output>
          </reporter-output>
        </test-method> <!-- tearDown -->
      </class> <!-- com.bankbot.tests.FundTransferTest -->
    </test> <!-- Fund Transfer Tests -->
  </suite> <!-- BankBot Automation Suite -->
</testng-results>
